<?xml version="1.0" encoding="UTF-8"?>
<testsuites name="tauri-cypress" tests="15" failures="0" time="2.845">
  <testsuite name="e2e" tests="15" failures="0" time="2.845">
    <testcase name="cypress/e2e/ai-features.cy.ts" classname="tauri-cypress" time="0.004" />
    <testcase name="cypress/e2e/auth.cy.ts" classname="tauri-cypress" time="0.001" />
    <testcase name="cypress/e2e/books.cy.ts" classname="tauri-cypress" time="0.000" />
    <testcase name="cypress/e2e/database.cy.ts" classname="tauri-cypress" time="0.002" />
    <testcase name="cypress/e2e/debug-mock.cy.ts" classname="tauri-cypress" time="0.000" />
    <testcase name="cypress/e2e/djvu-reader.cy.ts" classname="tauri-cypress" time="0.004" />
    <testcase name="cypress/e2e/epub-reader.cy.ts" classname="tauri-cypress" time="0.003" />
    <testcase name="cypress/e2e/full-flow.cy.ts" classname="tauri-cypress" time="0.005" />
    <testcase name="cypress/e2e/local-scanner.cy.ts" classname="tauri-cypress" time="0.002" />
    <testcase name="cypress/e2e/minimal.cy.ts" classname="tauri-cypress" time="0.000" />
    <testcase name="cypress/e2e/mobi-reader.cy.ts" classname="tauri-cypress" time="0.003" />
    <testcase name="cypress/e2e/pdf-reader.cy.ts" classname="tauri-cypress" time="0.002" />
    <testcase name="cypress/e2e/search.cy.ts" classname="tauri-cypress" time="0.002" />
    <testcase name="cypress/e2e/smoke.cy.ts" classname="tauri-cypress" time="1.001" />
    <testcase name="cypress/e2e/window.cy.ts" classname="tauri-cypress" time="1.552" />
  </testsuite>
</testsuites>
